<?xml version="1.0" encoding="UTF-8"?>
<!-- Generated by org.testng.reporters.JUnitReportReporter -->
<testsuite skipped="0" hostname="DESKTOP-N308L1J" name="test.LoginTest" tests="1" failures="0" timestamp="23 Jan 2021 20:16:25 GMT" time="14.210" errors="0">
  <testcase name="validUserShouldBeAbleToLogin" time="14.210" classname="test.LoginTest"/>
</testsuite> <!-- test.LoginTest -->
