<?xml version="1.0" encoding="UTF-8"?>
<!-- Generated by org.testng.reporters.JUnitReportReporter -->
<testsuite skipped="0" hostname="DESKTOP-N308L1J" name="test.AddCustomerTest" tests="1" failures="0" timestamp="23 Jan 2021 20:11:05 GMT" time="18.533" errors="0">
  <testcase name="validUserShouldBeAbleToCreateCustomer" time="18.533" classname="test.AddCustomerTest"/>
</testsuite> <!-- test.AddCustomerTest -->
